# JRE version: Java(TM) SE Runtime Environment (8.0_191-b12) (build 1.8.0_191-b12)
# Java VM: Java HotSpot(TM) 64-Bit Server VM (25.191-b12 mixed mode windows-amd64 compressed oops)
Heap:
 PSYoungGen      total 254464K, used 205244K [0x00000000d5f80000, 0x00000000e7680000, 0x0000000100000000)
  eden space 236544K, 86% used [0x00000000d5f80000,0x00000000e27ef120,0x00000000e4680000)
  from space 17920K, 0% used [0x00000000e5880000,0x00000000e5880000,0x00000000e6a00000)
  to   space 18432K, 0% used [0x00000000e4680000,0x00000000e4680000,0x00000000e5880000)
 ParOldGen       total 130560K, used 24658K [0x0000000081e00000, 0x0000000089d80000, 0x00000000d5f80000)
  object space 130560K, 18% used [0x0000000081e00000,0x0000000083614910,0x0000000089d80000)
 Metaspace       used 62741K, capacity 66184K, committed 66432K, reserved 1105920K
  class space    used 8636K, capacity 9219K, committed 9344K, reserved 1048576K
GC Heap History (10 events):
Event: 7.071 GC heap before
{Heap before GC invocations=11 (full 2):
 PSYoungGen      total 165376K, used 9745K [0x00000000d5f80000, 0x00000000e3d00000, 0x0000000100000000)
  eden space 153088K, 0% used [0x00000000d5f80000,0x00000000d5f80000,0x00000000df500000)
  from space 12288K, 79% used [0x00000000df500000,0x00000000dfe847e8,0x00000000e0100000)
  to   space 13312K, 0% used [0x00000000e3000000,0x00000000e3000000,0x00000000e3d00000)
 ParOldGen       total 56320K, used 9255K [0x0000000081e00000, 0x0000000085500000, 0x00000000d5f80000)
  object space 56320K, 16% used [0x0000000081e00000,0x0000000082709f80,0x0000000085500000)
 Metaspace       used 33402K, capacity 35280K, committed 35456K, reserved 1079296K
  class space    used 4508K, capacity 4870K, committed 4992K, reserved 1048576K
Event: 7.176 GC heap after
Heap after GC invocations=11 (full 2):
 PSYoungGen      total 165376K, used 0K [0x00000000d5f80000, 0x00000000e3d00000, 0x0000000100000000)
  eden space 153088K, 0% used [0x00000000d5f80000,0x00000000d5f80000,0x00000000df500000)
  from space 12288K, 0% used [0x00000000df500000,0x00000000df500000,0x00000000e0100000)
  to   space 13312K, 0% used [0x00000000e3000000,0x00000000e3000000,0x00000000e3d00000)
 ParOldGen       total 91136K, used 14155K [0x0000000081e00000, 0x0000000087700000, 0x00000000d5f80000)
  object space 91136K, 15% used [0x0000000081e00000,0x0000000082bd2c98,0x0000000087700000)
 Metaspace       used 33402K, capacity 35280K, committed 35456K, reserved 1079296K
  class space    used 4508K, capacity 4870K, committed 4992K, reserved 1048576K
}
Event: 9.012 GC heap before
{Heap before GC invocations=12 (full 2):
 PSYoungGen      total 165376K, used 153088K [0x00000000d5f80000, 0x00000000e3d00000, 0x0000000100000000)
  eden space 153088K, 100% used [0x00000000d5f80000,0x00000000df500000,0x00000000df500000)
  from space 12288K, 0% used [0x00000000df500000,0x00000000df500000,0x00000000e0100000)
  to   space 13312K, 0% used [0x00000000e3000000,0x00000000e3000000,0x00000000e3d00000)
 ParOldGen       total 91136K, used 14155K [0x0000000081e00000, 0x0000000087700000, 0x00000000d5f80000)
  object space 91136K, 15% used [0x0000000081e00000,0x0000000082bd2c98,0x0000000087700000)
 Metaspace       used 42710K, capacity 44882K, committed 45184K, reserved 1087488K
  class space    used 5815K, capacity 6211K, committed 6272K, reserved 1048576K
Event: 9.032 GC heap after
Heap after GC invocations=12 (full 2):
 PSYoungGen      total 204800K, used 12865K [0x00000000d5f80000, 0x00000000e3d00000, 0x0000000100000000)
  eden space 191488K, 0% used [0x00000000d5f80000,0x00000000d5f80000,0x00000000e1a80000)
  from space 13312K, 96% used [0x00000000e3000000,0x00000000e3c90430,0x00000000e3d00000)
  to   space 14848K, 0% used [0x00000000e2000000,0x00000000e2000000,0x00000000e2e80000)
 ParOldGen       total 91136K, used 14163K [0x0000000081e00000, 0x0000000087700000, 0x00000000d5f80000)
  object space 91136K, 15% used [0x0000000081e00000,0x0000000082bd4c98,0x0000000087700000)
 Metaspace       used 42710K, capacity 44882K, committed 45184K, reserved 1087488K
  class space    used 5815K, capacity 6211K, committed 6272K, reserved 1048576K
}
Event: 12.116 GC heap before
{Heap before GC invocations=13 (full 2):
 PSYoungGen      total 204800K, used 204353K [0x00000000d5f80000, 0x00000000e3d00000, 0x0000000100000000)
  eden space 191488K, 100% used [0x00000000d5f80000,0x00000000e1a80000,0x00000000e1a80000)
  from space 13312K, 96% used [0x00000000e3000000,0x00000000e3c90430,0x00000000e3d00000)
  to   space 14848K, 0% used [0x00000000e2000000,0x00000000e2000000,0x00000000e2e80000)
 ParOldGen       total 91136K, used 14163K [0x0000000081e00000, 0x0000000087700000, 0x00000000d5f80000)
  object space 91136K, 15% used [0x0000000081e00000,0x0000000082bd4c98,0x0000000087700000)
 Metaspace       used 53862K, capacity 56168K, committed 56320K, reserved 1097728K
  class space    used 7411K, capacity 7858K, committed 7936K, reserved 1048576K
Event: 12.151 GC heap after
Heap after GC invocations=13 (full 2):
 PSYoungGen      total 211968K, used 14842K [0x00000000d5f80000, 0x00000000e6a00000, 0x0000000100000000)
  eden space 197120K, 0% used [0x00000000d5f80000,0x00000000d5f80000,0x00000000e2000000)
  from space 14848K, 99% used [0x00000000e2000000,0x00000000e2e7e8b0,0x00000000e2e80000)
  to   space 17920K, 0% used [0x00000000e5880000,0x00000000e5880000,0x00000000e6a00000)
 ParOldGen       total 91136K, used 17512K [0x0000000081e00000, 0x0000000087700000, 0x00000000d5f80000)
  object space 91136K, 19% used [0x0000000081e00000,0x0000000082f1a3b0,0x0000000087700000)
 Metaspace       used 53862K, capacity 56168K, committed 56320K, reserved 1097728K
  class space    used 7411K, capacity 7858K, committed 7936K, reserved 1048576K
}
Event: 12.816 GC heap before
{Heap before GC invocations=14 (full 2):
 PSYoungGen      total 211968K, used 65026K [0x00000000d5f80000, 0x00000000e6a00000, 0x0000000100000000)
  eden space 197120K, 25% used [0x00000000d5f80000,0x00000000d90821c0,0x00000000e2000000)
  from space 14848K, 99% used [0x00000000e2000000,0x00000000e2e7e8b0,0x00000000e2e80000)
  to   space 17920K, 0% used [0x00000000e5880000,0x00000000e5880000,0x00000000e6a00000)
 ParOldGen       total 91136K, used 17512K [0x0000000081e00000, 0x0000000087700000, 0x00000000d5f80000)
  object space 91136K, 19% used [0x0000000081e00000,0x0000000082f1a3b0,0x0000000087700000)
 Metaspace       used 56118K, capacity 59052K, committed 59096K, reserved 1099776K
  class space    used 7754K, capacity 8302K, committed 8320K, reserved 1048576K
Event: 12.835 GC heap after
Heap after GC invocations=14 (full 2):
 PSYoungGen      total 254464K, used 12365K [0x00000000d5f80000, 0x00000000e7680000, 0x0000000100000000)
  eden space 236544K, 0% used [0x00000000d5f80000,0x00000000d5f80000,0x00000000e4680000)
  from space 17920K, 69% used [0x00000000e5880000,0x00000000e64934d8,0x00000000e6a00000)
  to   space 18432K, 0% used [0x00000000e4680000,0x00000000e4680000,0x00000000e5880000)
 ParOldGen       total 91136K, used 17520K [0x0000000081e00000, 0x0000000087700000, 0x00000000d5f80000)
  object space 91136K, 19% used [0x0000000081e00000,0x0000000082f1c3b0,0x0000000087700000)
 Metaspace       used 56118K, capacity 59052K, committed 59096K, reserved 1099776K
  class space    used 7754K, capacity 8302K, committed 8320K, reserved 1048576K
}
Event: 12.835 GC heap before
{Heap before GC invocations=15 (full 3):
 PSYoungGen      total 254464K, used 12365K [0x00000000d5f80000, 0x00000000e7680000, 0x0000000100000000)
  eden space 236544K, 0% used [0x00000000d5f80000,0x00000000d5f80000,0x00000000e4680000)
  from space 17920K, 69% used [0x00000000e5880000,0x00000000e64934d8,0x00000000e6a00000)
  to   space 18432K, 0% used [0x00000000e4680000,0x00000000e4680000,0x00000000e5880000)
 ParOldGen       total 91136K, used 17520K [0x0000000081e00000, 0x0000000087700000, 0x00000000d5f80000)
  object space 91136K, 19% used [0x0000000081e00000,0x0000000082f1c3b0,0x0000000087700000)
 Metaspace       used 56118K, capacity 59052K, committed 59096K, reserved 1099776K
  class space    used 7754K, capacity 8302K, committed 8320K, reserved 1048576K
Event: 13.098 GC heap after
Heap after GC invocations=15 (full 3):
 PSYoungGen      total 254464K, used 0K [0x00000000d5f80000, 0x00000000e7680000, 0x0000000100000000)
  eden space 236544K, 0% used [0x00000000d5f80000,0x00000000d5f80000,0x00000000e4680000)
  from space 17920K, 0% used [0x00000000e5880000,0x00000000e5880000,0x00000000e6a00000)
  to   space 18432K, 0% used [0x00000000e4680000,0x00000000e4680000,0x00000000e5880000)
 ParOldGen       total 130560K, used 24658K [0x0000000081e00000, 0x0000000089d80000, 0x00000000d5f80000)
  object space 130560K, 18% used [0x0000000081e00000,0x0000000083614910,0x0000000089d80000)
 Metaspace       used 56118K, capacity 59052K, committed 59096K, reserved 1099776K
  class space    used 7754K, capacity 8302K, committed 8320K, reserved 1048576K
}

